<?xml version="1.0" encoding="UTF-8"?>
<!-- Generated by org.testng.reporters.JUnitReportReporter -->
<testsuite skipped="0" hostname="61033bf9cd50" name="com.flightReservation.baseClass.CoursesSearch" tests="4" failures="0" timestamp="23 Jan 2022 06:59:08 GMT" time="14.640" errors="0">
  <testcase name="search" time="3.587" classname="com.flightReservation.baseClass.CoursesSearch"/>
  <testcase name="search" time="3.673" classname="com.flightReservation.baseClass.CoursesSearch"/>
  <testcase name="search" time="4.039" classname="com.flightReservation.baseClass.CoursesSearch"/>
  <testcase name="search" time="3.341" classname="com.flightReservation.baseClass.CoursesSearch"/>
</testsuite> <!-- com.flightReservation.baseClass.CoursesSearch -->
