<?xml version="1.0" encoding="UTF-8"?>
<!-- Generated by org.testng.reporters.JUnitReportReporter -->
<testsuite skipped="0" hostname="LAPTOP-MKCCBE6B" name="com.flightReservation.baseClass.BaseClass" tests="5" failures="0" timestamp="12 Jul 2020 09:11:56 GMT" time="15.997" errors="0">
  <testcase name="selectFlight" time="1.420" classname="com.flightReservation.baseClass.BaseClass"/>
  <testcase name="registration" time="7.969" classname="com.flightReservation.baseClass.BaseClass"/>
  <testcase name="searchFlights" time="3.541" classname="com.flightReservation.baseClass.BaseClass"/>
  <testcase name="bookFlight" time="1.528" classname="com.flightReservation.baseClass.BaseClass"/>
  <testcase name="logOut" time="1.539" classname="com.flightReservation.baseClass.BaseClass"/>
</testsuite> <!-- com.flightReservation.baseClass.BaseClass -->
