<?xml version="1.0" encoding="UTF-8"?>
<!-- Generated by org.testng.reporters.JUnitReportReporter -->
<testsuite skipped="0" hostname="LAPTOP-MKCCBE6B" name="com.flightReservation.baseClass.CoursesSearch" tests="4" failures="0" timestamp="23 Jan 2022 06:14:39 GMT" time="34.026" errors="0">
  <testcase name="search" time="3.179" classname="com.flightReservation.baseClass.CoursesSearch"/>
  <testcase name="search" time="3.161" classname="com.flightReservation.baseClass.CoursesSearch"/>
  <testcase name="search" time="5.712" classname="com.flightReservation.baseClass.CoursesSearch"/>
  <testcase name="search" time="21.974" classname="com.flightReservation.baseClass.CoursesSearch"/>
</testsuite> <!-- com.flightReservation.baseClass.CoursesSearch -->
